[2023-06-22 00:07:30] INFO root fetch - main [MainThread]: Get Changelog since Serial: [18597025]
[2023-06-22 00:07:35] INFO root fetch - main [MainThread]: Found 21 changed packages
[2023-06-22 00:07:35] INFO root fetch - processPackages [ThreadPoolExecutor-0_0]: Start processing: psat-server-web
[2023-06-22 00:07:35] INFO root fetch - processPackages [ThreadPoolExecutor-0_1]: Start processing: pymongocrypt
[2023-06-22 00:07:35] INFO root fetch - processPackages [ThreadPoolExecutor-0_2]: Start processing: yat-geo-db
[2023-06-22 00:07:35] INFO root fetch - processPackages [ThreadPoolExecutor-0_3]: Start processing: sql-field-report
[2023-06-22 00:07:35] INFO root fetch - processPackages [ThreadPoolExecutor-0_4]: Start processing: cherrypick
[2023-06-22 00:07:35] INFO root fetch - processPackages [ThreadPoolExecutor-0_5]: Start processing: greenlet
[2023-06-22 00:07:35] INFO root fetch - processPackages [ThreadPoolExecutor-0_6]: Start processing: dsws
[2023-06-22 00:07:35] INFO root fetch - processPackages [ThreadPoolExecutor-0_7]: Start processing: psat-server-web
[2023-06-22 00:07:35] INFO root fetch - processPackages [ThreadPoolExecutor-0_8]: Start processing: pain001
[2023-06-22 00:07:35] INFO root fetch - processPackages [ThreadPoolExecutor-0_9]: Start processing: vodesfunc
[2023-06-22 00:07:35] INFO root fetch - processPackages [dsws]: New version: [0.9] Old Version: [0.8]
[2023-06-22 00:07:35] INFO root fetch - processPackages [pymongocrypt]: New version: [1.6.1] Old Version: [1.6.0]
[2023-06-22 00:07:35] WARNING root fetch - processPackages [cherrypick]: Skipping, unable to determine old version
[2023-06-22 00:07:35] INFO root fetch - processPackages [cherrypick]: Start processing: databricks-sql-connector
[2023-06-22 00:07:35] INFO root fetch - main [MainThread]: End processing [cherrypick] error
[2023-06-22 00:07:35] INFO root fetch - processPackages [sql-field-report]: New version: [1.0.5] Old Version: [1.0.4]
[2023-06-22 00:07:35] INFO root fetch - processPackages [yat-geo-db]: New version: [1.1.0] Old Version: [1.0.6]
[2023-06-22 00:07:35] INFO root fetch - processPackages [vodesfunc]: New version: [1.3.9] Old Version: [1.3.8]
[2023-06-22 00:07:35] INFO root fetch - processPackages [psat-server-web]: New version: [0.1.7] Old Version: [0.1.6]
[2023-06-22 00:07:35] INFO root fetch - processPackages [psat-server-web]: New version: [0.1.7] Old Version: [0.1.6]
[2023-06-22 00:07:35] INFO root fetch - processPackages [pain001]: New version: [0.0.9] Old Version: [0.0.8]
[2023-06-22 00:07:35] INFO root fetch - processPackages [databricks-sql-connector]: New version: [2.6.3.dev1] Old Version: [2.6.2]
[2023-06-22 00:07:35] INFO root fetch - processPackages [greenlet]: New version: [3.0.0a1] Old Version: [2.0.2]
[2023-06-22 00:07:35] INFO root fetch - processPackages [dsws]: Downloading https://files.pythonhosted.org/packages/0a/91/0c41c16d2edded8e3d02ef9839f486b258fb844c709871ecb4eae14efcf3/dsws-0.8.tar.gz
[2023-06-22 00:07:35] INFO root fetch - processPackages [pymongocrypt]: Downloading https://files.pythonhosted.org/packages/a5/15/d0c3151d3b016e80b9c3a3f129ecbdc0ae46eecd713fdb8dfb4b2d4adf39/pymongocrypt-1.6.0.tar.gz
[2023-06-22 00:07:35] INFO root fetch - processPackages [sql-field-report]: Downloading https://files.pythonhosted.org/packages/9c/1e/4a32eac15cd3561559768b1b6bddfc2209533b20e33a1792f016f5aaf097/sql_field_report-1.0.4.tar.gz
[2023-06-22 00:07:35] INFO root fetch - processPackages [psat-server-web]: Downloading https://files.pythonhosted.org/packages/3d/c4/c9b61282477ee8b128cd23d9a09fc115debdeef02ae93d45db5d15b86133/psat-server-web-0.1.6.tar.gz
[2023-06-22 00:07:35] INFO root fetch - processPackages [psat-server-web]: Downloading https://files.pythonhosted.org/packages/3d/c4/c9b61282477ee8b128cd23d9a09fc115debdeef02ae93d45db5d15b86133/psat-server-web-0.1.6.tar.gz
[2023-06-22 00:07:35] INFO root fetch - processPackages [pain001]: Downloading https://files.pythonhosted.org/packages/4a/3d/d7e0138fb8e4374dd250c07d0545376b3f547ff00c3971b4eec2d3eca3d7/pain001-0.0.8.tar.gz
[2023-06-22 00:07:35] INFO root fetch - processPackages [greenlet]: Downloading https://files.pythonhosted.org/packages/1e/1e/632e55a04d732c8184201238d911207682b119c35cecbb9a573a6c566731/greenlet-2.0.2.tar.gz
[2023-06-22 00:07:35] INFO root fetch - processPackages [vodesfunc]: Downloading https://files.pythonhosted.org/packages/b2/b7/92dc649b1a0bf4dadc0da218f1be2b6987c9371ac57d0d33912a156ef3e7/vodesfunc-1.3.8.tar.gz
[2023-06-22 00:07:35] INFO root fetch - processPackages [yat-geo-db]: Downloading https://files.pythonhosted.org/packages/5d/42/3fe64ea24e616225a40d65ddbb9be2d1ff55464a0597331cfc65a7102d9f/yat_geo_db-1.0.6.tar.gz
[2023-06-22 00:07:35] INFO root fetch - processPackages [databricks-sql-connector]: Downloading https://files.pythonhosted.org/packages/4b/0c/e656d3dba6c0277e1fb93f9fc21c258295dae07fe25de9fb93cd0b4aca05/databricks_sql_connector-2.6.2.tar.gz
[2023-06-22 00:07:35] INFO root fetch - processPackages [dsws]: Downloading https://files.pythonhosted.org/packages/32/6f/54537116273920427b944cd4791479e9e0187712a3adb14dbef41f5b2c8d/dsws-0.9.tar.gz
[2023-06-22 00:07:36] INFO root fetch - processPackages [sql-field-report]: Downloading https://files.pythonhosted.org/packages/38/94/b823ddb1cdf28a19e712a10e468988ffe92904c13dcbd42c5021b90fa147/sql_field_report-1.0.5.tar.gz
[2023-06-22 00:07:36] INFO root fetch - processPackages [pymongocrypt]: Downloading https://files.pythonhosted.org/packages/2a/b2/c57670bc4ad72c4225e010ede732451d7bd4f7d6f7206e42292c22bf54db/pymongocrypt-1.6.1.tar.gz
[2023-06-22 00:07:36] INFO root fetch - processPackages [pain001]: Downloading https://files.pythonhosted.org/packages/dd/25/3eca8b1274384435ffb54b9a70f098888e7946583f195e055315bc9f82f8/pain001-0.0.9.tar.gz
[2023-06-22 00:07:36] INFO root fetch - processPackages [greenlet]: Downloading https://files.pythonhosted.org/packages/24/5a/29acf7490e5793b65a9b684b036a19a76dad868d8b69c5574c3656b9dcfe/greenlet-3.0.0a1.tar.gz
[2023-06-22 00:07:36] INFO root fetch - processPackages [dsws]: executing diffoscope
[2023-06-22 00:07:36] INFO root fetch - processPackages [dsws]: podman run --user 0:0 --rm -w /home/abi/fetcher -v /home/abi/fetcher/tmp:/home/abi/fetcher/tmp:ro -v /home/abi/fetcher/20230622:/home/abi/fetcher/20230622:rw registry.salsa.debian.org/reproducible-builds/diffoscope --no-progress tmp/dsws-0.8.tar.gz tmp/dsws-0.9.tar.gz --markdown 20230622/d/dsws/0.8-0.9/diff.md --exclude *.pyd
[2023-06-22 00:07:36] INFO root fetch - processPackages [sql-field-report]: executing diffoscope
[2023-06-22 00:07:36] INFO root fetch - processPackages [sql-field-report]: podman run --user 0:0 --rm -w /home/abi/fetcher -v /home/abi/fetcher/tmp:/home/abi/fetcher/tmp:ro -v /home/abi/fetcher/20230622:/home/abi/fetcher/20230622:rw registry.salsa.debian.org/reproducible-builds/diffoscope --no-progress tmp/sql_field_report-1.0.4.tar.gz tmp/sql_field_report-1.0.5.tar.gz --markdown 20230622/s/sql-field-report/1.0.4-1.0.5/diff.md --exclude *.pyd
[2023-06-22 00:07:36] INFO root fetch - processPackages [pymongocrypt]: executing diffoscope
[2023-06-22 00:07:36] INFO root fetch - processPackages [pymongocrypt]: podman run --user 0:0 --rm -w /home/abi/fetcher -v /home/abi/fetcher/tmp:/home/abi/fetcher/tmp:ro -v /home/abi/fetcher/20230622:/home/abi/fetcher/20230622:rw registry.salsa.debian.org/reproducible-builds/diffoscope --no-progress tmp/pymongocrypt-1.6.0.tar.gz tmp/pymongocrypt-1.6.1.tar.gz --markdown 20230622/p/pymongocrypt/1.6.0-1.6.1/diff.md --exclude *.pyd
[2023-06-22 00:07:36] INFO root fetch - processPackages [vodesfunc]: Downloading https://files.pythonhosted.org/packages/9e/99/05e0244c00c1468c69c50b3cc7f8cee52dac8565bc1ba7eb09148cfd4255/vodesfunc-1.3.9.tar.gz
[2023-06-22 00:07:36] INFO root fetch - processPackages [databricks-sql-connector]: Downloading https://files.pythonhosted.org/packages/c5/54/66887859f9530dac87dd2784ae7eb6a4568e6233bc771a71684bed589cd1/databricks_sql_connector-2.6.3.dev1.tar.gz
[2023-06-22 00:07:36] INFO root fetch - processPackages [yat-geo-db]: Downloading https://files.pythonhosted.org/packages/ef/f1/0ce2c708ec85627085d3e9041246aff728beef010a5e75d09b466c373b1c/yat_geo_db-1.1.0.tar.gz
[2023-06-22 00:07:36] INFO root fetch - processPackages [greenlet]: executing diffoscope
[2023-06-22 00:07:36] INFO root fetch - processPackages [greenlet]: podman run --user 0:0 --rm -w /home/abi/fetcher -v /home/abi/fetcher/tmp:/home/abi/fetcher/tmp:ro -v /home/abi/fetcher/20230622:/home/abi/fetcher/20230622:rw registry.salsa.debian.org/reproducible-builds/diffoscope --no-progress tmp/greenlet-2.0.2.tar.gz tmp/greenlet-3.0.0a1.tar.gz --markdown 20230622/g/greenlet/2.0.2-3.0.0a1/diff.md --exclude *.pyd
[2023-06-22 00:07:36] INFO root fetch - processPackages [pain001]: executing diffoscope
[2023-06-22 00:07:36] INFO root fetch - processPackages [pain001]: podman run --user 0:0 --rm -w /home/abi/fetcher -v /home/abi/fetcher/tmp:/home/abi/fetcher/tmp:ro -v /home/abi/fetcher/20230622:/home/abi/fetcher/20230622:rw registry.salsa.debian.org/reproducible-builds/diffoscope --no-progress tmp/pain001-0.0.8.tar.gz tmp/pain001-0.0.9.tar.gz --markdown 20230622/p/pain001/0.0.8-0.0.9/diff.md --exclude *.pyd
[2023-06-22 00:07:36] INFO root fetch - processPackages [yat-geo-db]: executing diffoscope
[2023-06-22 00:07:36] INFO root fetch - processPackages [vodesfunc]: executing diffoscope
[2023-06-22 00:07:36] INFO root fetch - processPackages [yat-geo-db]: podman run --user 0:0 --rm -w /home/abi/fetcher -v /home/abi/fetcher/tmp:/home/abi/fetcher/tmp:ro -v /home/abi/fetcher/20230622:/home/abi/fetcher/20230622:rw registry.salsa.debian.org/reproducible-builds/diffoscope --no-progress tmp/yat_geo_db-1.0.6.tar.gz tmp/yat_geo_db-1.1.0.tar.gz --markdown 20230622/y/yat-geo-db/1.0.6-1.1.0/diff.md --exclude *.pyd
[2023-06-22 00:07:36] INFO root fetch - processPackages [vodesfunc]: podman run --user 0:0 --rm -w /home/abi/fetcher -v /home/abi/fetcher/tmp:/home/abi/fetcher/tmp:ro -v /home/abi/fetcher/20230622:/home/abi/fetcher/20230622:rw registry.salsa.debian.org/reproducible-builds/diffoscope --no-progress tmp/vodesfunc-1.3.8.tar.gz tmp/vodesfunc-1.3.9.tar.gz --markdown 20230622/v/vodesfunc/1.3.8-1.3.9/diff.md --exclude *.pyd
[2023-06-22 00:07:36] INFO root fetch - processPackages [psat-server-web]: Downloading https://files.pythonhosted.org/packages/69/6f/83cfb9f9263de5fb92a52f27676466b0592a229a3c831abdff456ec0022b/psat-server-web-0.1.7.tar.gz
[2023-06-22 00:07:36] INFO root fetch - processPackages [psat-server-web]: Downloading https://files.pythonhosted.org/packages/69/6f/83cfb9f9263de5fb92a52f27676466b0592a229a3c831abdff456ec0022b/psat-server-web-0.1.7.tar.gz
[2023-06-22 00:07:36] INFO root fetch - processPackages [databricks-sql-connector]: executing diffoscope
[2023-06-22 00:07:36] INFO root fetch - processPackages [databricks-sql-connector]: podman run --user 0:0 --rm -w /home/abi/fetcher -v /home/abi/fetcher/tmp:/home/abi/fetcher/tmp:ro -v /home/abi/fetcher/20230622:/home/abi/fetcher/20230622:rw registry.salsa.debian.org/reproducible-builds/diffoscope --no-progress tmp/databricks_sql_connector-2.6.2.tar.gz tmp/databricks_sql_connector-2.6.3.dev1.tar.gz --markdown 20230622/d/databricks-sql-connector/2.6.2-2.6.3.dev1/diff.md --exclude *.pyd
[2023-06-22 00:07:37] INFO root fetch - processPackages [dsws]: Remove: archive file [/home/abi/fetcher/tmp/dsws-0.8.tar.gz]
[2023-06-22 00:07:37] INFO root fetch - processPackages [dsws]: Remove: archive file [/home/abi/fetcher/tmp/dsws-0.9.tar.gz]
[2023-06-22 00:07:37] INFO root fetch - processPackages [dsws]: Start processing: reflex
[2023-06-22 00:07:37] INFO root fetch - main [MainThread]: End processing [dsws]: success
[2023-06-22 00:07:37] INFO root fetch - processPackages [reflex]: New version: [0.1.34a1] Old Version: [0.1.34]
[2023-06-22 00:07:37] INFO root fetch - processPackages [sql-field-report]: Remove: archive file [/home/abi/fetcher/tmp/sql_field_report-1.0.4.tar.gz]
[2023-06-22 00:07:37] INFO root fetch - processPackages [sql-field-report]: Remove: archive file [/home/abi/fetcher/tmp/sql_field_report-1.0.5.tar.gz]
[2023-06-22 00:07:37] INFO root fetch - processPackages [sql-field-report]: Start processing: sql-field-report
[2023-06-22 00:07:37] INFO root fetch - main [MainThread]: End processing [sql-field-report]: success
[2023-06-22 00:07:37] INFO root fetch - processPackages [sql-field-report]: New version: [1.0.5] Old Version: [1.0.4]
[2023-06-22 00:07:37] INFO root fetch - processPackages [sql-field-report]: Downloading https://files.pythonhosted.org/packages/9c/1e/4a32eac15cd3561559768b1b6bddfc2209533b20e33a1792f016f5aaf097/sql_field_report-1.0.4.tar.gz
[2023-06-22 00:07:37] INFO root fetch - processPackages [reflex]: Downloading https://files.pythonhosted.org/packages/49/f0/938904ced341c2a5ce1c57f686c880688f9d8d79a2f42d40c494183d3157/reflex-0.1.34.tar.gz
[2023-06-22 00:07:37] INFO root fetch - processPackages [sql-field-report]: Downloading https://files.pythonhosted.org/packages/38/94/b823ddb1cdf28a19e712a10e468988ffe92904c13dcbd42c5021b90fa147/sql_field_report-1.0.5.tar.gz
[2023-06-22 00:07:37] INFO root fetch - processPackages [pain001]: Remove: archive file [/home/abi/fetcher/tmp/pain001-0.0.8.tar.gz]
[2023-06-22 00:07:37] INFO root fetch - processPackages [pain001]: Remove: archive file [/home/abi/fetcher/tmp/pain001-0.0.9.tar.gz]
[2023-06-22 00:07:37] INFO root fetch - processPackages [pain001]: Start processing: pluralkit
[2023-06-22 00:07:37] INFO root fetch - main [MainThread]: End processing [pain001]: success
[2023-06-22 00:07:37] INFO root fetch - processPackages [pluralkit]: New version: [1.1.4] Old Version: [1.1.3]
[2023-06-22 00:07:37] INFO root fetch - processPackages [sql-field-report]: executing diffoscope
[2023-06-22 00:07:37] INFO root fetch - processPackages [sql-field-report]: podman run --user 0:0 --rm -w /home/abi/fetcher -v /home/abi/fetcher/tmp:/home/abi/fetcher/tmp:ro -v /home/abi/fetcher/20230622:/home/abi/fetcher/20230622:rw registry.salsa.debian.org/reproducible-builds/diffoscope --no-progress tmp/sql_field_report-1.0.4.tar.gz tmp/sql_field_report-1.0.5.tar.gz --markdown 20230622/s/sql-field-report/1.0.4-1.0.5/diff.md --exclude *.pyd
[2023-06-22 00:07:37] INFO root fetch - processPackages [pluralkit]: Downloading https://files.pythonhosted.org/packages/db/e9/1ef9699507dd1b24192543ceedbc1f25a82b39e669b81089824aefea3c63/pluralkit-1.1.3.tar.gz
[2023-06-22 00:07:38] INFO root fetch - processPackages [reflex]: Downloading https://files.pythonhosted.org/packages/b7/21/41df383623a0ef5d124cd6d6b291d7e20a9b3765c855493b30e187b1219e/reflex-0.1.34a1.tar.gz
[2023-06-22 00:07:38] INFO root fetch - processPackages [yat-geo-db]: Remove: archive file [/home/abi/fetcher/tmp/yat_geo_db-1.0.6.tar.gz]
[2023-06-22 00:07:38] INFO root fetch - processPackages [yat-geo-db]: Remove: archive file [/home/abi/fetcher/tmp/yat_geo_db-1.1.0.tar.gz]
[2023-06-22 00:07:38] INFO root fetch - processPackages [yat-geo-db]: Start processing: featurelayers
[2023-06-22 00:07:38] INFO root fetch - main [MainThread]: End processing [yat-geo-db]: success
[2023-06-22 00:07:38] INFO root fetch - processPackages [featurelayers]: New version: [1.1.7] Old Version: [1.1.6]
[2023-06-22 00:07:38] INFO root fetch - processPackages [reflex]: executing diffoscope
[2023-06-22 00:07:38] INFO root fetch - processPackages [reflex]: podman run --user 0:0 --rm -w /home/abi/fetcher -v /home/abi/fetcher/tmp:/home/abi/fetcher/tmp:ro -v /home/abi/fetcher/20230622:/home/abi/fetcher/20230622:rw registry.salsa.debian.org/reproducible-builds/diffoscope --no-progress tmp/reflex-0.1.34.tar.gz tmp/reflex-0.1.34a1.tar.gz --markdown 20230622/r/reflex/0.1.34-0.1.34a1/diff.md --exclude *.pyd
[2023-06-22 00:07:38] INFO root fetch - processPackages [psat-server-web]: executing diffoscope
[2023-06-22 00:07:38] INFO root fetch - processPackages [psat-server-web]: podman run --user 0:0 --rm -w /home/abi/fetcher -v /home/abi/fetcher/tmp:/home/abi/fetcher/tmp:ro -v /home/abi/fetcher/20230622:/home/abi/fetcher/20230622:rw registry.salsa.debian.org/reproducible-builds/diffoscope --no-progress tmp/psat-server-web-0.1.6.tar.gz tmp/psat-server-web-0.1.7.tar.gz --markdown 20230622/p/psat-server-web/0.1.6-0.1.7/diff.md --exclude *.pyd
[2023-06-22 00:07:38] INFO root fetch - processPackages [psat-server-web]: executing diffoscope
[2023-06-22 00:07:38] INFO root fetch - processPackages [psat-server-web]: podman run --user 0:0 --rm -w /home/abi/fetcher -v /home/abi/fetcher/tmp:/home/abi/fetcher/tmp:ro -v /home/abi/fetcher/20230622:/home/abi/fetcher/20230622:rw registry.salsa.debian.org/reproducible-builds/diffoscope --no-progress tmp/psat-server-web-0.1.6.tar.gz tmp/psat-server-web-0.1.7.tar.gz --markdown 20230622/p/psat-server-web/0.1.6-0.1.7/diff.md --exclude *.pyd
[2023-06-22 00:07:38] INFO root fetch - processPackages [pluralkit]: Downloading https://files.pythonhosted.org/packages/d7/1b/472677951f648fdd360eb95650d0f3acc6d33188dbdc664af039d8b2d0be/pluralkit-1.1.4.tar.gz
[2023-06-22 00:07:38] INFO root fetch - processPackages [featurelayers]: Downloading https://files.pythonhosted.org/packages/04/76/1bd4a50b41746f54e26d0c56d8f1fb1ad1cb2baea4b9e13353d870a0fbeb/featurelayers-1.1.6.tar.gz
[2023-06-22 00:07:38] INFO root fetch - processPackages [pluralkit]: executing diffoscope
[2023-06-22 00:07:38] INFO root fetch - processPackages [pluralkit]: podman run --user 0:0 --rm -w /home/abi/fetcher -v /home/abi/fetcher/tmp:/home/abi/fetcher/tmp:ro -v /home/abi/fetcher/20230622:/home/abi/fetcher/20230622:rw registry.salsa.debian.org/reproducible-builds/diffoscope --no-progress tmp/pluralkit-1.1.3.tar.gz tmp/pluralkit-1.1.4.tar.gz --markdown 20230622/p/pluralkit/1.1.3-1.1.4/diff.md --exclude *.pyd
[2023-06-22 00:07:38] INFO root fetch - processPackages [greenlet]: Remove: archive file [/home/abi/fetcher/tmp/greenlet-2.0.2.tar.gz]
[2023-06-22 00:07:38] INFO root fetch - processPackages [greenlet]: Remove: archive file [/home/abi/fetcher/tmp/greenlet-3.0.0a1.tar.gz]
[2023-06-22 00:07:38] INFO root fetch - processPackages [greenlet]: Start processing: vehicle-lang
[2023-06-22 00:07:38] INFO root fetch - main [MainThread]: End processing [greenlet]: success
[2023-06-22 00:07:38] INFO root fetch - processPackages [vehicle-lang]: New version: [0.4.0] Old Version: [0.3.3]
[2023-06-22 00:07:38] INFO root fetch - processPackages [vodesfunc]: Remove: archive file [/home/abi/fetcher/tmp/vodesfunc-1.3.8.tar.gz]
[2023-06-22 00:07:38] INFO root fetch - processPackages [vodesfunc]: Remove: archive file [/home/abi/fetcher/tmp/vodesfunc-1.3.9.tar.gz]
[2023-06-22 00:07:38] INFO root fetch - processPackages [vodesfunc]: Start processing: palmers-preprocess
[2023-06-22 00:07:38] INFO root fetch - main [MainThread]: End processing [vodesfunc]: success
[2023-06-22 00:07:38] INFO root fetch - processPackages [palmers-preprocess]: New version: [0.0.9] Old Version: [0.0.8]
[2023-06-22 00:07:38] INFO root fetch - processPackages [featurelayers]: Downloading https://files.pythonhosted.org/packages/69/ce/0c8720730aebb03ef9a28a4a2802713e8653f891c48177fae342cbb732ae/featurelayers-1.1.7.tar.gz
[2023-06-22 00:07:38] INFO root fetch - processPackages [pymongocrypt]: Remove: archive file [/home/abi/fetcher/tmp/pymongocrypt-1.6.0.tar.gz]
[2023-06-22 00:07:38] INFO root fetch - processPackages [pymongocrypt]: Remove: archive file [/home/abi/fetcher/tmp/pymongocrypt-1.6.1.tar.gz]
[2023-06-22 00:07:38] INFO root fetch - processPackages [pymongocrypt]: Start processing: askedith
[2023-06-22 00:07:38] INFO root fetch - main [MainThread]: End processing [pymongocrypt]: success
[2023-06-22 00:07:38] INFO root fetch - processPackages [vehicle-lang]: Downloading https://files.pythonhosted.org/packages/32/fd/c154c440bf532a51bda33b6509530cac37a2770581ac118d12366097d189/vehicle_lang-0.3.3-cp39-cp39-win_amd64.whl
[2023-06-22 00:07:38] INFO root fetch - processPackages [askedith]: New version: [0.9.7] Old Version: [0.9.6]
[2023-06-22 00:07:38] INFO root fetch - processPackages [askedith]: Downloading https://files.pythonhosted.org/packages/8b/9c/d857e04273c372f4bc184a0812fe15424d0c269deca5617a8486d4fd8e97/askedith-0.9.6-py3-none-any.whl
[2023-06-22 00:07:38] INFO root fetch - processPackages [palmers-preprocess]: Downloading https://files.pythonhosted.org/packages/e9/2c/af8be76b5b176ba09aa4d2c709c3cc870cb7d126c85fc35483085379484d/palmers_preprocess-0.0.8.tar.gz
[2023-06-22 00:07:38] INFO root fetch - processPackages [featurelayers]: executing diffoscope
[2023-06-22 00:07:38] INFO root fetch - processPackages [featurelayers]: podman run --user 0:0 --rm -w /home/abi/fetcher -v /home/abi/fetcher/tmp:/home/abi/fetcher/tmp:ro -v /home/abi/fetcher/20230622:/home/abi/fetcher/20230622:rw registry.salsa.debian.org/reproducible-builds/diffoscope --no-progress tmp/featurelayers-1.1.6.tar.gz tmp/featurelayers-1.1.7.tar.gz --markdown 20230622/f/featurelayers/1.1.6-1.1.7/diff.md --exclude *.pyd
[2023-06-22 00:07:39] INFO root fetch - processPackages [askedith]: Downloading https://files.pythonhosted.org/packages/56/82/c1a6938e9e7452568ffff201a420669db73f22068f98a93e809a76c1381e/askedith-0.9.7-py3-none-any.whl
[2023-06-22 00:07:39] INFO root fetch - processPackages [askedith]: executing diffoscope
[2023-06-22 00:07:39] INFO root fetch - processPackages [askedith]: podman run --user 0:0 --rm -w /home/abi/fetcher -v /home/abi/fetcher/tmp:/home/abi/fetcher/tmp:ro -v /home/abi/fetcher/20230622:/home/abi/fetcher/20230622:rw registry.salsa.debian.org/reproducible-builds/diffoscope --no-progress tmp/askedith-0.9.6-py3-none-any.whl.zip tmp/askedith-0.9.7-py3-none-any.whl.zip --markdown 20230622/a/askedith/0.9.6-0.9.7/diff.md --exclude *.pyd
[2023-06-22 00:07:39] INFO root fetch - processPackages [palmers-preprocess]: Downloading https://files.pythonhosted.org/packages/c2/21/6b7a051b357dba9e982016e23054fb2fc0bf13cbc4dbf10b8e933702361b/palmers_preprocess-0.0.9.tar.gz
[2023-06-22 00:07:39] INFO root fetch - processPackages [sql-field-report]: Remove: archive file [/home/abi/fetcher/tmp/sql_field_report-1.0.4.tar.gz]
[2023-06-22 00:07:39] INFO root fetch - processPackages [sql-field-report]: Remove: archive file [/home/abi/fetcher/tmp/sql_field_report-1.0.5.tar.gz]
[2023-06-22 00:07:39] INFO root fetch - processPackages [sql-field-report]: Start processing: sql-field-report
[2023-06-22 00:07:39] INFO root fetch - main [MainThread]: End processing [sql-field-report]: success
[2023-06-22 00:07:39] INFO root fetch - processPackages [sql-field-report]: New version: [1.0.5] Old Version: [1.0.4]
[2023-06-22 00:07:39] INFO root fetch - processPackages [sql-field-report]: Downloading https://files.pythonhosted.org/packages/9c/1e/4a32eac15cd3561559768b1b6bddfc2209533b20e33a1792f016f5aaf097/sql_field_report-1.0.4.tar.gz
[2023-06-22 00:07:39] INFO root fetch - processPackages [palmers-preprocess]: executing diffoscope
[2023-06-22 00:07:39] INFO root fetch - processPackages [palmers-preprocess]: podman run --user 0:0 --rm -w /home/abi/fetcher -v /home/abi/fetcher/tmp:/home/abi/fetcher/tmp:ro -v /home/abi/fetcher/20230622:/home/abi/fetcher/20230622:rw registry.salsa.debian.org/reproducible-builds/diffoscope --no-progress tmp/palmers_preprocess-0.0.8.tar.gz tmp/palmers_preprocess-0.0.9.tar.gz --markdown 20230622/p/palmers-preprocess/0.0.8-0.0.9/diff.md --exclude *.pyd
[2023-06-22 00:07:39] INFO root fetch - processPackages [sql-field-report]: Downloading https://files.pythonhosted.org/packages/38/94/b823ddb1cdf28a19e712a10e468988ffe92904c13dcbd42c5021b90fa147/sql_field_report-1.0.5.tar.gz
[2023-06-22 00:07:39] INFO root fetch - processPackages [sql-field-report]: executing diffoscope
[2023-06-22 00:07:39] INFO root fetch - processPackages [sql-field-report]: podman run --user 0:0 --rm -w /home/abi/fetcher -v /home/abi/fetcher/tmp:/home/abi/fetcher/tmp:ro -v /home/abi/fetcher/20230622:/home/abi/fetcher/20230622:rw registry.salsa.debian.org/reproducible-builds/diffoscope --no-progress tmp/sql_field_report-1.0.4.tar.gz tmp/sql_field_report-1.0.5.tar.gz --markdown 20230622/s/sql-field-report/1.0.4-1.0.5/diff.md --exclude *.pyd
[2023-06-22 00:07:40] INFO root fetch - processPackages [pluralkit]: Remove: archive file [/home/abi/fetcher/tmp/pluralkit-1.1.3.tar.gz]
[2023-06-22 00:07:40] INFO root fetch - processPackages [pluralkit]: Remove: archive file [/home/abi/fetcher/tmp/pluralkit-1.1.4.tar.gz]
[2023-06-22 00:07:40] INFO root fetch - processPackages [pluralkit]: Start processing: jwst
[2023-06-22 00:07:40] INFO root fetch - main [MainThread]: End processing [pluralkit]: success
[2023-06-22 00:07:40] INFO root fetch - processPackages [jwst]: New version: [1.9.6] Old Version: [1.9.5]
[2023-06-22 00:07:40] INFO root fetch - processPackages [featurelayers]: Remove: archive file [/home/abi/fetcher/tmp/featurelayers-1.1.6.tar.gz]
[2023-06-22 00:07:40] INFO root fetch - processPackages [featurelayers]: Remove: archive file [/home/abi/fetcher/tmp/featurelayers-1.1.7.tar.gz]
[2023-06-22 00:07:40] INFO root fetch - processPackages [featurelayers]: Start processing: badsecrets
[2023-06-22 00:07:40] INFO root fetch - main [MainThread]: End processing [featurelayers]: success
[2023-06-22 00:07:40] INFO root fetch - processPackages [badsecrets]: New version: [0.3.347] Old Version: [0.2.311]
[2023-06-22 00:07:40] INFO root fetch - processPackages [badsecrets]: Downloading https://files.pythonhosted.org/packages/7c/bf/d9c4f90f62ca54923129b1807c9858e1deb0ec853e48450bec8879fe2e9f/badsecrets-0.2.311.tar.gz
[2023-06-22 00:07:40] INFO root fetch - processPackages [jwst]: Downloading https://files.pythonhosted.org/packages/d9/d2/1aca2ee617c3fd11c313b65403a5f84967c112d1828438e9ab5d87a2b675/jwst-1.9.5.tar.gz
[2023-06-22 00:07:40] INFO root fetch - processPackages [askedith]: Remove: archive file [/home/abi/fetcher/tmp/askedith-0.9.6-py3-none-any.whl.zip]
[2023-06-22 00:07:40] INFO root fetch - processPackages [askedith]: Remove: archive file [/home/abi/fetcher/tmp/askedith-0.9.7-py3-none-any.whl.zip]
[2023-06-22 00:07:40] INFO root fetch - main [MainThread]: End processing [askedith]: success
[2023-06-22 00:07:40] INFO root fetch - processPackages [badsecrets]: Downloading https://files.pythonhosted.org/packages/e9/ae/4babc7679602b0309375f9a730e0ad43f718137bf6c165d1a825c9c85641/badsecrets-0.3.347.tar.gz
[2023-06-22 00:07:40] WARNING root fetch - processPackages [vehicle-lang]: Skipping package: exceeds size limit 11858297>=10485760
[2023-06-22 00:07:40] INFO root fetch - main [MainThread]: End processing [vehicle-lang] error
[2023-06-22 00:07:40] INFO root fetch - processPackages [badsecrets]: executing diffoscope
[2023-06-22 00:07:40] INFO root fetch - processPackages [badsecrets]: podman run --user 0:0 --rm -w /home/abi/fetcher -v /home/abi/fetcher/tmp:/home/abi/fetcher/tmp:ro -v /home/abi/fetcher/20230622:/home/abi/fetcher/20230622:rw registry.salsa.debian.org/reproducible-builds/diffoscope --no-progress tmp/badsecrets-0.2.311.tar.gz tmp/badsecrets-0.3.347.tar.gz --markdown 20230622/b/badsecrets/0.2.311-0.3.347/diff.md --exclude *.pyd
[2023-06-22 00:07:40] INFO root fetch - processPackages [sql-field-report]: Remove: archive file [/home/abi/fetcher/tmp/sql_field_report-1.0.4.tar.gz]
[2023-06-22 00:07:40] INFO root fetch - processPackages [sql-field-report]: Remove: archive file [/home/abi/fetcher/tmp/sql_field_report-1.0.5.tar.gz]
[2023-06-22 00:07:40] INFO root fetch - main [MainThread]: End processing [sql-field-report]: success
[2023-06-22 00:07:42] INFO root fetch - processPackages [badsecrets]: Remove: archive file [/home/abi/fetcher/tmp/badsecrets-0.2.311.tar.gz]
[2023-06-22 00:07:42] INFO root fetch - processPackages [badsecrets]: Remove: archive file [/home/abi/fetcher/tmp/badsecrets-0.3.347.tar.gz]
[2023-06-22 00:07:42] INFO root fetch - main [MainThread]: End processing [badsecrets]: success
[2023-06-22 00:07:42] INFO root fetch - processPackages [palmers-preprocess]: Remove: archive file [/home/abi/fetcher/tmp/palmers_preprocess-0.0.8.tar.gz]
[2023-06-22 00:07:42] INFO root fetch - processPackages [palmers-preprocess]: Remove: archive file [/home/abi/fetcher/tmp/palmers_preprocess-0.0.9.tar.gz]
[2023-06-22 00:07:42] INFO root fetch - main [MainThread]: End processing [palmers-preprocess]: success
[2023-06-22 00:07:42] INFO root fetch - processPackages [databricks-sql-connector]: Remove: archive file [/home/abi/fetcher/tmp/databricks_sql_connector-2.6.2.tar.gz]
[2023-06-22 00:07:42] INFO root fetch - processPackages [databricks-sql-connector]: Remove: archive file [/home/abi/fetcher/tmp/databricks_sql_connector-2.6.3.dev1.tar.gz]
[2023-06-22 00:07:42] INFO root fetch - main [MainThread]: End processing [databricks-sql-connector]: success
[2023-06-22 00:07:43] INFO root fetch - processPackages [reflex]: Remove: archive file [/home/abi/fetcher/tmp/reflex-0.1.34.tar.gz]
[2023-06-22 00:07:43] INFO root fetch - processPackages [reflex]: Remove: archive file [/home/abi/fetcher/tmp/reflex-0.1.34a1.tar.gz]
[2023-06-22 00:07:43] INFO root fetch - main [MainThread]: End processing [reflex]: success
[2023-06-22 00:07:44] INFO root fetch - processPackages [psat-server-web]: Remove: archive file [/home/abi/fetcher/tmp/psat-server-web-0.1.6.tar.gz]
[2023-06-22 00:07:44] INFO root fetch - processPackages [psat-server-web]: Remove: archive file [/home/abi/fetcher/tmp/psat-server-web-0.1.7.tar.gz]
[2023-06-22 00:07:44] INFO root fetch - main [MainThread]: End processing [psat-server-web]: success
[2023-06-22 00:07:44] INFO root fetch - main [MainThread]: End processing [psat-server-web]: success
[2023-06-22 00:07:47] WARNING root fetch - processPackages [jwst]: Skipping package: exceeds size limit 17579481>=10485760
[2023-06-22 00:07:47] INFO root fetch - main [MainThread]: End processing [jwst] error
[2023-06-22 00:07:47] INFO root fetch - main [MainThread]: Store serial: [18597097]
[2023-06-22 00:12:51] INFO root fetch - main [MainThread]: Get Changelog since Serial: [18597097]
[2023-06-22 00:12:56] INFO root fetch - main [MainThread]: Found 14 changed packages
[2023-06-22 00:12:56] INFO root fetch - processPackages [ThreadPoolExecutor-0_0]: Start processing: design-kgex
[2023-06-22 00:12:56] INFO root fetch - processPackages [ThreadPoolExecutor-0_1]: Start processing: batch-mailchimp
[2023-06-22 00:12:56] INFO root fetch - processPackages [ThreadPoolExecutor-0_2]: Start processing: CommandAlarm
[2023-06-22 00:12:56] INFO root fetch - processPackages [ThreadPoolExecutor-0_3]: Start processing: getpaper
[2023-06-22 00:12:56] INFO root fetch - processPackages [ThreadPoolExecutor-0_4]: Start processing: aihandler
[2023-06-22 00:12:56] INFO root fetch - processPackages [ThreadPoolExecutor-0_5]: Start processing: strawberry-graphql
[2023-06-22 00:12:56] INFO root fetch - processPackages [ThreadPoolExecutor-0_6]: Start processing: configonaut
[2023-06-22 00:12:56] INFO root fetch - processPackages [ThreadPoolExecutor-0_7]: Start processing: airunner
[2023-06-22 00:12:56] INFO root fetch - processPackages [ThreadPoolExecutor-0_8]: Start processing: cirq-web
[2023-06-22 00:12:56] INFO root fetch - processPackages [ThreadPoolExecutor-0_9]: Start processing: cirq-ft
[2023-06-22 00:12:56] INFO root fetch - processPackages [batch-mailchimp]: New version: [1.1.1] Old Version: [1.1.0]
[2023-06-22 00:12:56] INFO root fetch - processPackages [CommandAlarm]: New version: [0.2.6] Old Version: [0.2.5]
[2023-06-22 00:12:56] INFO root fetch - processPackages [strawberry-graphql]: New version: [0.99.3] Old Version: [0.99.2]
[2023-06-22 00:12:56] WARNING root fetch - processPackages [design-kgex]: Skipping, unable to determine old version
[2023-06-22 00:12:56] INFO root fetch - processPackages [design-kgex]: Start processing: cirq-ionq
[2023-06-22 00:12:56] INFO root fetch - main [MainThread]: End processing [design-kgex] error
[2023-06-22 00:12:56] INFO root fetch - processPackages [batch-mailchimp]: Downloading https://files.pythonhosted.org/packages/e3/7c/f6daf11f78a11683a33784586e5040a19f689dd49f3b460e2cd3de05b574/batch-mailchimp-1.1.0.tar.gz
[2023-06-22 00:12:56] INFO root fetch - processPackages [CommandAlarm]: Downloading https://files.pythonhosted.org/packages/c4/10/43692e4932a08f25d49cda08b57f02750e783c5be8cdffe64e268d22be7e/CommandAlarm-0.2.5.tar.gz
[2023-06-22 00:12:56] INFO root fetch - processPackages [strawberry-graphql]: Downloading https://files.pythonhosted.org/packages/dd/38/4efb20ccf1f04c0901e6d5de6eb222b8a9e74692ae34f6f4618b0f0cc8b3/strawberry-graphql-0.99.2.tar.gz
[2023-06-22 00:12:56] INFO root fetch - processPackages [getpaper]: New version: [0.1.2] Old Version: [0.1.1]
[2023-06-22 00:12:56] INFO root fetch - processPackages [cirq-ft]: New version: [1.2.0.dev20230621221235] Old Version: [1.2.0.dev20230613162638]
[2023-06-22 00:12:56] WARNING root fetch - processPackages [configonaut]: Skipping, unable to determine old version
[2023-06-22 00:12:56] INFO root fetch - processPackages [configonaut]: Start processing: cirq-aqt
[2023-06-22 00:12:56] INFO root fetch - main [MainThread]: End processing [configonaut] error
[2023-06-22 00:12:56] INFO root fetch - processPackages [airunner]: New version: [1.9.5] Old Version: [1.9.4]
[2023-06-22 00:12:56] INFO root fetch - processPackages [aihandler]: New version: [1.9.9] Old Version: [1.9.8]
[2023-06-22 00:12:56] INFO root fetch - processPackages [cirq-web]: New version: [1.2.0.dev20230621221235] Old Version: [1.2.0.dev20230613162638]
[2023-06-22 00:12:57] INFO root fetch - processPackages [cirq-ionq]: New version: [1.2.0.dev20230621221235] Old Version: [1.2.0.dev20230613162638]
[2023-06-22 00:12:57] INFO root fetch - processPackages [CommandAlarm]: Downloading https://files.pythonhosted.org/packages/13/02/84f925596a9ded330ffc39c58946ee426e1e95971599a6c2b720e38d0e03/CommandAlarm-0.2.6.tar.gz
[2023-06-22 00:12:57] INFO root fetch - processPackages [getpaper]: Downloading https://files.pythonhosted.org/packages/93/26/0cc7751de369cbff3321231d63664352c585a1651baf120a7b515a8dac4e/getpaper-0.1.1.tar.gz
[2023-06-22 00:12:57] INFO root fetch - processPackages [cirq-aqt]: New version: [1.2.0.dev20230621221235] Old Version: [1.2.0.dev20230613162638]
[2023-06-22 00:12:57] INFO root fetch - processPackages [strawberry-graphql]: Downloading https://files.pythonhosted.org/packages/e8/62/3a58fe3751e9dc961f72fbe825e32f12e9cd544dafd44bc5fdddb290b881/strawberry-graphql-0.99.3.tar.gz
[2023-06-22 00:12:57] INFO root fetch - processPackages [CommandAlarm]: executing diffoscope
[2023-06-22 00:12:57] INFO root fetch - processPackages [CommandAlarm]: podman run --user 0:0 --rm -w /home/abi/fetcher -v /home/abi/fetcher/tmp:/home/abi/fetcher/tmp:ro -v /home/abi/fetcher/20230622:/home/abi/fetcher/20230622:rw registry.salsa.debian.org/reproducible-builds/diffoscope --no-progress tmp/CommandAlarm-0.2.5.tar.gz tmp/CommandAlarm-0.2.6.tar.gz --markdown 20230622/C/CommandAlarm/0.2.5-0.2.6/diff.md --exclude *.pyd
[2023-06-22 00:12:57] INFO root fetch - processPackages [aihandler]: Downloading https://files.pythonhosted.org/packages/5f/59/0f3fec3d9c2165b2534eebc579ad40951d28dd76a141ee0517afca3f1a84/aihandler-1.9.8.tar.gz
[2023-06-22 00:12:57] INFO root fetch - processPackages [airunner]: Downloading https://files.pythonhosted.org/packages/c7/17/4fd03a6620fcd3ca406edb019a8ca501d8d47055f9a29354d4035447e7d1/airunner-1.9.4.tar.gz
[2023-06-22 00:12:57] INFO root fetch - processPackages [cirq-ionq]: Downloading https://files.pythonhosted.org/packages/d7/65/3bd310e6671829bb2b4b709ed6a154c26ee2abbf153d2ae10d41420cc8b7/cirq_ionq-1.2.0.dev20230613162638-py3-none-any.whl
[2023-06-22 00:12:57] INFO root fetch - processPackages [cirq-ft]: Downloading https://files.pythonhosted.org/packages/87/05/8199d8a6ad66d33c284279810c342f997cb468b18d1e76ba6283d9425c30/cirq_ft-1.2.0.dev20230613162638-py3-none-any.whl
[2023-06-22 00:12:57] INFO root fetch - processPackages [cirq-web]: Downloading https://files.pythonhosted.org/packages/06/be/a4652a70932ac76878f2553c8904220d10942bd8ad7b86452f985d167df8/cirq_web-1.2.0.dev20230613162638-py3-none-any.whl
[2023-06-22 00:12:57] INFO root fetch - processPackages [batch-mailchimp]: Downloading https://files.pythonhosted.org/packages/c2/70/d79df060c9af36044f5e0ec42218605be50aab090efa44d5a460f8839f9e/batch-mailchimp-1.1.1.tar.gz
[2023-06-22 00:12:57] INFO root fetch - processPackages [strawberry-graphql]: executing diffoscope
[2023-06-22 00:12:57] INFO root fetch - processPackages [strawberry-graphql]: podman run --user 0:0 --rm -w /home/abi/fetcher -v /home/abi/fetcher/tmp:/home/abi/fetcher/tmp:ro -v /home/abi/fetcher/20230622:/home/abi/fetcher/20230622:rw registry.salsa.debian.org/reproducible-builds/diffoscope --no-progress tmp/strawberry-graphql-0.99.2.tar.gz tmp/strawberry-graphql-0.99.3.tar.gz --markdown 20230622/s/strawberry-graphql/0.99.2-0.99.3/diff.md --exclude *.pyd
[2023-06-22 00:12:57] INFO root fetch - processPackages [cirq-aqt]: Downloading https://files.pythonhosted.org/packages/ff/86/32cecea47ea17b7af853af47cfb23209bd68dfc42413fe28085f84d1a786/cirq_aqt-1.2.0.dev20230613162638-py3-none-any.whl
[2023-06-22 00:12:57] INFO root fetch - processPackages [batch-mailchimp]: executing diffoscope
[2023-06-22 00:12:57] INFO root fetch - processPackages [batch-mailchimp]: podman run --user 0:0 --rm -w /home/abi/fetcher -v /home/abi/fetcher/tmp:/home/abi/fetcher/tmp:ro -v /home/abi/fetcher/20230622:/home/abi/fetcher/20230622:rw registry.salsa.debian.org/reproducible-builds/diffoscope --no-progress tmp/batch-mailchimp-1.1.0.tar.gz tmp/batch-mailchimp-1.1.1.tar.gz --markdown 20230622/b/batch-mailchimp/1.1.0-1.1.1/diff.md --exclude *.pyd
[2023-06-22 00:12:57] INFO root fetch - processPackages [getpaper]: Downloading https://files.pythonhosted.org/packages/86/ce/d6fdea296af26fa918acabf610d57bb5def22503fe9407461c36ebe29bf8/getpaper-0.1.2.tar.gz
[2023-06-22 00:12:57] INFO root fetch - processPackages [getpaper]: executing diffoscope
[2023-06-22 00:12:57] INFO root fetch - processPackages [getpaper]: podman run --user 0:0 --rm -w /home/abi/fetcher -v /home/abi/fetcher/tmp:/home/abi/fetcher/tmp:ro -v /home/abi/fetcher/20230622:/home/abi/fetcher/20230622:rw registry.salsa.debian.org/reproducible-builds/diffoscope --no-progress tmp/getpaper-0.1.1.tar.gz tmp/getpaper-0.1.2.tar.gz --markdown 20230622/g/getpaper/0.1.1-0.1.2/diff.md --exclude *.pyd
[2023-06-22 00:12:57] INFO root fetch - processPackages [airunner]: Downloading https://files.pythonhosted.org/packages/60/cd/d466790071a923540ac289e13a314b39c47ceaefc303cbe0046ca6e65710/airunner-1.9.5.tar.gz
[2023-06-22 00:12:57] INFO root fetch - processPackages [aihandler]: Downloading https://files.pythonhosted.org/packages/b3/c7/544c990d7d396289c416e3676f2fdf02804edee7d23e678081cc4c761c29/aihandler-1.9.9.tar.gz
[2023-06-22 00:12:57] INFO root fetch - processPackages [cirq-ionq]: Downloading https://files.pythonhosted.org/packages/fe/f8/2c5d4aa1d3f7f1b1f75b3f9873deee8107dc16033c0840d81d31072f2033/cirq_ionq-1.2.0.dev20230621221235-py3-none-any.whl
[2023-06-22 00:12:57] INFO root fetch - processPackages [cirq-ft]: Downloading https://files.pythonhosted.org/packages/0b/b1/5533eff88f91b603a66060835fad736f9e04972a027c226bfcf6dc0beaf5/cirq_ft-1.2.0.dev20230621221235-py3-none-any.whl
[2023-06-22 00:12:57] INFO root fetch - processPackages [airunner]: executing diffoscope
[2023-06-22 00:12:57] INFO root fetch - processPackages [airunner]: podman run --user 0:0 --rm -w /home/abi/fetcher -v /home/abi/fetcher/tmp:/home/abi/fetcher/tmp:ro -v /home/abi/fetcher/20230622:/home/abi/fetcher/20230622:rw registry.salsa.debian.org/reproducible-builds/diffoscope --no-progress tmp/airunner-1.9.4.tar.gz tmp/airunner-1.9.5.tar.gz --markdown 20230622/a/airunner/1.9.4-1.9.5/diff.md --exclude *.pyd
[2023-06-22 00:12:57] INFO root fetch - processPackages [aihandler]: executing diffoscope
[2023-06-22 00:12:57] INFO root fetch - processPackages [aihandler]: podman run --user 0:0 --rm -w /home/abi/fetcher -v /home/abi/fetcher/tmp:/home/abi/fetcher/tmp:ro -v /home/abi/fetcher/20230622:/home/abi/fetcher/20230622:rw registry.salsa.debian.org/reproducible-builds/diffoscope --no-progress tmp/aihandler-1.9.8.tar.gz tmp/aihandler-1.9.9.tar.gz --markdown 20230622/a/aihandler/1.9.8-1.9.9/diff.md --exclude *.pyd
[2023-06-22 00:12:57] INFO root fetch - processPackages [cirq-aqt]: Downloading https://files.pythonhosted.org/packages/70/5f/c92ceccf8697cdd61d1c2d156f1a88e17ffb70ddc819260c5a5ebce27927/cirq_aqt-1.2.0.dev20230621221235-py3-none-any.whl
[2023-06-22 00:12:57] INFO root fetch - processPackages [cirq-web]: Downloading https://files.pythonhosted.org/packages/8d/d8/43c2dfe4fac8f902d13124932363a851a1398715d42151d276ab77802471/cirq_web-1.2.0.dev20230621221235-py3-none-any.whl
[2023-06-22 00:12:58] INFO root fetch - processPackages [batch-mailchimp]: Remove: archive file [/home/abi/fetcher/tmp/batch-mailchimp-1.1.0.tar.gz]
[2023-06-22 00:12:58] INFO root fetch - processPackages [batch-mailchimp]: Remove: archive file [/home/abi/fetcher/tmp/batch-mailchimp-1.1.1.tar.gz]
[2023-06-22 00:12:58] INFO root fetch - processPackages [batch-mailchimp]: Start processing: cirq-rigetti
[2023-06-22 00:12:58] INFO root fetch - main [MainThread]: End processing [batch-mailchimp]: success
[2023-06-22 00:12:58] INFO root fetch - processPackages [CommandAlarm]: Remove: archive file [/home/abi/fetcher/tmp/CommandAlarm-0.2.5.tar.gz]
[2023-06-22 00:12:58] INFO root fetch - processPackages [CommandAlarm]: Remove: archive file [/home/abi/fetcher/tmp/CommandAlarm-0.2.6.tar.gz]
[2023-06-22 00:12:58] INFO root fetch - processPackages [CommandAlarm]: Start processing: cirq-core
[2023-06-22 00:12:58] INFO root fetch - main [MainThread]: End processing [CommandAlarm]: success
[2023-06-22 00:12:58] INFO root fetch - processPackages [cirq-rigetti]: New version: [1.2.0.dev20230621221235] Old Version: [1.2.0.dev20230613162638]
[2023-06-22 00:12:58] INFO root fetch - processPackages [getpaper]: Remove: archive file [/home/abi/fetcher/tmp/getpaper-0.1.1.tar.gz]
[2023-06-22 00:12:58] INFO root fetch - processPackages [getpaper]: Remove: archive file [/home/abi/fetcher/tmp/getpaper-0.1.2.tar.gz]
[2023-06-22 00:12:58] INFO root fetch - main [MainThread]: End processing [getpaper]: success
[2023-06-22 00:12:58] INFO root fetch - processPackages [aihandler]: Remove: archive file [/home/abi/fetcher/tmp/aihandler-1.9.8.tar.gz]
[2023-06-22 00:12:58] INFO root fetch - processPackages [aihandler]: Remove: archive file [/home/abi/fetcher/tmp/aihandler-1.9.9.tar.gz]
[2023-06-22 00:12:58] INFO root fetch - main [MainThread]: End processing [aihandler]: success
[2023-06-22 00:12:58] INFO root fetch - processPackages [cirq-rigetti]: Downloading https://files.pythonhosted.org/packages/c8/6d/d38e8e2661733a7063cacd63dd3953c6fc1da2c45332b962ab52ff425266/cirq_rigetti-1.2.0.dev20230613162638-py3-none-any.whl
[2023-06-22 00:12:58] INFO root fetch - processPackages [airunner]: Remove: archive file [/home/abi/fetcher/tmp/airunner-1.9.4.tar.gz]
[2023-06-22 00:12:58] INFO root fetch - processPackages [airunner]: Remove: archive file [/home/abi/fetcher/tmp/airunner-1.9.5.tar.gz]
[2023-06-22 00:12:58] INFO root fetch - main [MainThread]: End processing [airunner]: success
[2023-06-22 00:12:58] INFO root fetch - processPackages [strawberry-graphql]: Remove: archive file [/home/abi/fetcher/tmp/strawberry-graphql-0.99.2.tar.gz]
[2023-06-22 00:12:58] INFO root fetch - processPackages [strawberry-graphql]: Remove: archive file [/home/abi/fetcher/tmp/strawberry-graphql-0.99.3.tar.gz]
[2023-06-22 00:12:58] INFO root fetch - main [MainThread]: End processing [strawberry-graphql]: success
[2023-06-22 00:12:59] INFO root fetch - processPackages [cirq-core]: New version: [1.2.0.dev20230621221235] Old Version: [1.2.0.dev20230613162638]
[2023-06-22 00:12:59] INFO root fetch - processPackages [cirq-rigetti]: Downloading https://files.pythonhosted.org/packages/ef/c1/5858635a80f2760d121a3bcd20250440632543d9ed1c4d0a3a21af1ef800/cirq_rigetti-1.2.0.dev20230621221235-py3-none-any.whl
[2023-06-22 00:12:59] INFO root fetch - processPackages [cirq-core]: Downloading https://files.pythonhosted.org/packages/01/be/55026f80fd60c5201032957432c55a3bd5ca0334978536fd21f069e27578/cirq_core-1.2.0.dev20230613162638-py3-none-any.whl
[2023-06-22 00:12:59] INFO root fetch - processPackages [cirq-core]: Downloading https://files.pythonhosted.org/packages/ec/2f/be0c9a76e0be50a00362dd908a9f82ea050dba4abd0df9da27f1fc8856a8/cirq_core-1.2.0.dev20230621221235-py3-none-any.whl
[2023-06-22 00:13:00] INFO root fetch - processPackages [cirq-aqt]: executing diffoscope
[2023-06-22 00:13:00] INFO root fetch - processPackages [cirq-aqt]: podman run --user 0:0 --rm -w /home/abi/fetcher -v /home/abi/fetcher/tmp:/home/abi/fetcher/tmp:ro -v /home/abi/fetcher/20230622:/home/abi/fetcher/20230622:rw registry.salsa.debian.org/reproducible-builds/diffoscope --no-progress tmp/cirq_aqt-1.2.0.dev20230613162638-py3-none-any.whl.zip tmp/cirq_aqt-1.2.0.dev20230621221235-py3-none-any.whl.zip --markdown 20230622/c/cirq-aqt/1.2.0.dev20230613162638-1.2.0.dev20230621221235/diff.md --exclude *.pyd
[2023-06-22 00:13:02] INFO root fetch - processPackages [cirq-aqt]: Remove: archive file [/home/abi/fetcher/tmp/cirq_aqt-1.2.0.dev20230613162638-py3-none-any.whl.zip]
[2023-06-22 00:13:02] INFO root fetch - processPackages [cirq-aqt]: Remove: archive file [/home/abi/fetcher/tmp/cirq_aqt-1.2.0.dev20230621221235-py3-none-any.whl.zip]
[2023-06-22 00:13:02] INFO root fetch - main [MainThread]: End processing [cirq-aqt]: success
[2023-06-22 00:13:03] INFO root fetch - processPackages [cirq-rigetti]: executing diffoscope
[2023-06-22 00:13:03] INFO root fetch - processPackages [cirq-rigetti]: podman run --user 0:0 --rm -w /home/abi/fetcher -v /home/abi/fetcher/tmp:/home/abi/fetcher/tmp:ro -v /home/abi/fetcher/20230622:/home/abi/fetcher/20230622:rw registry.salsa.debian.org/reproducible-builds/diffoscope --no-progress tmp/cirq_rigetti-1.2.0.dev20230613162638-py3-none-any.whl.zip tmp/cirq_rigetti-1.2.0.dev20230621221235-py3-none-any.whl.zip --markdown 20230622/c/cirq-rigetti/1.2.0.dev20230613162638-1.2.0.dev20230621221235/diff.md --exclude *.pyd
[2023-06-22 00:13:05] INFO root fetch - processPackages [cirq-rigetti]: Remove: archive file [/home/abi/fetcher/tmp/cirq_rigetti-1.2.0.dev20230613162638-py3-none-any.whl.zip]
[2023-06-22 00:13:05] INFO root fetch - processPackages [cirq-rigetti]: Remove: archive file [/home/abi/fetcher/tmp/cirq_rigetti-1.2.0.dev20230621221235-py3-none-any.whl.zip]
[2023-06-22 00:13:05] INFO root fetch - main [MainThread]: End processing [cirq-rigetti]: success
[2023-06-22 00:13:22] INFO root fetch - processPackages [cirq-ft]: executing diffoscope
[2023-06-22 00:13:22] INFO root fetch - processPackages [cirq-ft]: podman run --user 0:0 --rm -w /home/abi/fetcher -v /home/abi/fetcher/tmp:/home/abi/fetcher/tmp:ro -v /home/abi/fetcher/20230622:/home/abi/fetcher/20230622:rw registry.salsa.debian.org/reproducible-builds/diffoscope --no-progress tmp/cirq_ft-1.2.0.dev20230613162638-py3-none-any.whl.zip tmp/cirq_ft-1.2.0.dev20230621221235-py3-none-any.whl.zip --markdown 20230622/c/cirq-ft/1.2.0.dev20230613162638-1.2.0.dev20230621221235/diff.md --exclude *.pyd
[2023-06-22 00:13:24] INFO root fetch - processPackages [cirq-ft]: Remove: archive file [/home/abi/fetcher/tmp/cirq_ft-1.2.0.dev20230613162638-py3-none-any.whl.zip]
[2023-06-22 00:13:24] INFO root fetch - processPackages [cirq-ft]: Remove: archive file [/home/abi/fetcher/tmp/cirq_ft-1.2.0.dev20230621221235-py3-none-any.whl.zip]
[2023-06-22 00:13:24] INFO root fetch - main [MainThread]: End processing [cirq-ft]: success
[2023-06-22 00:13:43] INFO root fetch - processPackages [cirq-web]: executing diffoscope
[2023-06-22 00:13:43] INFO root fetch - processPackages [cirq-web]: podman run --user 0:0 --rm -w /home/abi/fetcher -v /home/abi/fetcher/tmp:/home/abi/fetcher/tmp:ro -v /home/abi/fetcher/20230622:/home/abi/fetcher/20230622:rw registry.salsa.debian.org/reproducible-builds/diffoscope --no-progress tmp/cirq_web-1.2.0.dev20230613162638-py3-none-any.whl.zip tmp/cirq_web-1.2.0.dev20230621221235-py3-none-any.whl.zip --markdown 20230622/c/cirq-web/1.2.0.dev20230613162638-1.2.0.dev20230621221235/diff.md --exclude *.pyd
[2023-06-22 00:13:44] INFO root fetch - processPackages [cirq-web]: Remove: archive file [/home/abi/fetcher/tmp/cirq_web-1.2.0.dev20230613162638-py3-none-any.whl.zip]
[2023-06-22 00:13:44] INFO root fetch - processPackages [cirq-web]: Remove: archive file [/home/abi/fetcher/tmp/cirq_web-1.2.0.dev20230621221235-py3-none-any.whl.zip]
[2023-06-22 00:13:44] INFO root fetch - main [MainThread]: End processing [cirq-web]: success
[2023-06-22 00:13:55] INFO root fetch - processPackages [cirq-ionq]: executing diffoscope
[2023-06-22 00:13:55] INFO root fetch - processPackages [cirq-ionq]: podman run --user 0:0 --rm -w /home/abi/fetcher -v /home/abi/fetcher/tmp:/home/abi/fetcher/tmp:ro -v /home/abi/fetcher/20230622:/home/abi/fetcher/20230622:rw registry.salsa.debian.org/reproducible-builds/diffoscope --no-progress tmp/cirq_ionq-1.2.0.dev20230613162638-py3-none-any.whl.zip tmp/cirq_ionq-1.2.0.dev20230621221235-py3-none-any.whl.zip --markdown 20230622/c/cirq-ionq/1.2.0.dev20230613162638-1.2.0.dev20230621221235/diff.md --exclude *.pyd
[2023-06-22 00:13:56] INFO root fetch - processPackages [cirq-ionq]: Remove: archive file [/home/abi/fetcher/tmp/cirq_ionq-1.2.0.dev20230613162638-py3-none-any.whl.zip]
[2023-06-22 00:13:56] INFO root fetch - processPackages [cirq-ionq]: Remove: archive file [/home/abi/fetcher/tmp/cirq_ionq-1.2.0.dev20230621221235-py3-none-any.whl.zip]
[2023-06-22 00:13:56] INFO root fetch - main [MainThread]: End processing [cirq-ionq]: success
[2023-06-22 00:15:21] INFO root fetch - processPackages [cirq-core]: executing diffoscope
[2023-06-22 00:15:21] INFO root fetch - processPackages [cirq-core]: podman run --user 0:0 --rm -w /home/abi/fetcher -v /home/abi/fetcher/tmp:/home/abi/fetcher/tmp:ro -v /home/abi/fetcher/20230622:/home/abi/fetcher/20230622:rw registry.salsa.debian.org/reproducible-builds/diffoscope --no-progress tmp/cirq_core-1.2.0.dev20230613162638-py3-none-any.whl.zip tmp/cirq_core-1.2.0.dev20230621221235-py3-none-any.whl.zip --markdown 20230622/c/cirq-core/1.2.0.dev20230613162638-1.2.0.dev20230621221235/diff.md --exclude *.pyd
[2023-06-22 00:15:39] INFO root fetch - processPackages [cirq-core]: Remove: archive file [/home/abi/fetcher/tmp/cirq_core-1.2.0.dev20230613162638-py3-none-any.whl.zip]
[2023-06-22 00:15:39] INFO root fetch - processPackages [cirq-core]: Remove: archive file [/home/abi/fetcher/tmp/cirq_core-1.2.0.dev20230621221235-py3-none-any.whl.zip]
[2023-06-22 00:15:39] INFO root fetch - main [MainThread]: End processing [cirq-core]: success
[2023-06-22 00:15:39] INFO root fetch - main [MainThread]: Store serial: [18597158]
